# JRE version: OpenJDK Runtime Environment Temurin-21.0.8+9 (21.0.8+9) (build 21.0.8+9-LTS)
# Java VM: OpenJDK 64-Bit Server VM Temurin-21.0.8+9 (21.0.8+9-LTS, mixed mode, sharing, tiered, compressed oops, compressed class ptrs, g1 gc, windows-amd64)
GC Precious Log:
 CardTable entry size: 512
 Card Set container configuration: InlinePtr #cards 5 size 8 Array Of Cards #cards 12 size 40 Howl #buckets 4 coarsen threshold 1843 Howl Bitmap #cards 512 size 80 coarsen threshold 460 Card regions per heap region 1 cards per card region 2048
 CPUs: 8 total, 8 available
 Memory: 7834M
 Large Page Support: Disabled
 NUMA Support: Disabled
 Compressed Oops: Enabled (32-bit)
 Heap Region Size: 1M
 Heap Min Capacity: 8M
 Heap Initial Capacity: 124M
 Heap Max Capacity: 1960M
 Pre-touch: Disabled
 Parallel Workers: 8
 Concurrent Workers: 2
 Concurrent Refinement Workers: 8
 Periodic GC: Disabled
Heap:
 garbage-first heap   total 66560K, used 40500K [0x0000000085800000, 0x0000000100000000)
  region size 1024K, 13 young (13312K), 0 survivors (0K)
 Metaspace       used 76650K, committed 77440K, reserved 1179648K
  class space    used 10294K, committed 10624K, reserved 1048576K
GC Heap History (20 events):
Event: 60.376 GC heap before
{Heap before GC invocations=25 (full 1):
 garbage-first heap   total 55296K, used 43600K [0x0000000085800000, 0x0000000100000000)
  region size 1024K, 18 young (18432K), 3 survivors (3072K)
 Metaspace       used 73995K, committed 74752K, reserved 1114112K
  class space    used 10172K, committed 10496K, reserved 1048576K
}
Event: 60.406 GC heap after
{Heap after GC invocations=26 (full 1):
 garbage-first heap   total 55296K, used 30404K [0x0000000085800000, 0x0000000100000000)
  region size 1024K, 2 young (2048K), 2 survivors (2048K)
 Metaspace       used 73995K, committed 74752K, reserved 1114112K
  class space    used 10172K, committed 10496K, reserved 1048576K
}
Event: 64.198 GC heap before
{Heap before GC invocations=26 (full 1):
 garbage-first heap   total 55296K, used 44740K [0x0000000085800000, 0x0000000100000000)
  region size 1024K, 17 young (17408K), 2 survivors (2048K)
 Metaspace       used 74353K, committed 75136K, reserved 1114112K
  class space    used 10182K, committed 10560K, reserved 1048576K
}
Event: 64.210 GC heap after
{Heap after GC invocations=27 (full 1):
 garbage-first heap   total 66560K, used 32152K [0x0000000085800000, 0x0000000100000000)
  region size 1024K, 3 young (3072K), 3 survivors (3072K)
 Metaspace       used 74353K, committed 75136K, reserved 1114112K
  class space    used 10182K, committed 10560K, reserved 1048576K
}
Event: 67.070 GC heap before
{Heap before GC invocations=27 (full 1):
 garbage-first heap   total 66560K, used 54680K [0x0000000085800000, 0x0000000100000000)
  region size 1024K, 26 young (26624K), 3 survivors (3072K)
 Metaspace       used 74729K, committed 75584K, reserved 1114112K
  class space    used 10193K, committed 10560K, reserved 1048576K
}
Event: 67.191 GC heap after
{Heap after GC invocations=28 (full 2):
 garbage-first heap   total 66560K, used 27245K [0x0000000085800000, 0x0000000100000000)
  region size 1024K, 0 young (0K), 0 survivors (0K)
 Metaspace       used 74726K, committed 75584K, reserved 1114112K
  class space    used 10192K, committed 10560K, reserved 1048576K
}
Event: 68.756 GC heap before
{Heap before GC invocations=28 (full 2):
 garbage-first heap   total 66560K, used 54893K [0x0000000085800000, 0x0000000100000000)
  region size 1024K, 27 young (27648K), 0 survivors (0K)
 Metaspace       used 74949K, committed 75712K, reserved 1114112K
  class space    used 10203K, committed 10560K, reserved 1048576K
}
Event: 68.761 GC heap after
{Heap after GC invocations=29 (full 2):
 garbage-first heap   total 66560K, used 30201K [0x0000000085800000, 0x0000000100000000)
  region size 1024K, 3 young (3072K), 3 survivors (3072K)
 Metaspace       used 74949K, committed 75712K, reserved 1114112K
  class space    used 10203K, committed 10560K, reserved 1048576K
}
Event: 69.652 GC heap before
{Heap before GC invocations=29 (full 2):
 garbage-first heap   total 66560K, used 54777K [0x0000000085800000, 0x0000000100000000)
  region size 1024K, 28 young (28672K), 3 survivors (3072K)
 Metaspace       used 75340K, committed 76096K, reserved 1179648K
  class space    used 10214K, committed 10560K, reserved 1048576K
}
Event: 69.678 GC heap after
{Heap after GC invocations=30 (full 2):
 garbage-first heap   total 66560K, used 32340K [0x0000000085800000, 0x0000000100000000)
  region size 1024K, 3 young (3072K), 3 survivors (3072K)
 Metaspace       used 75340K, committed 76096K, reserved 1179648K
  class space    used 10214K, committed 10560K, reserved 1048576K
}
Event: 75.404 GC heap before
{Heap before GC invocations=30 (full 2):
 garbage-first heap   total 66560K, used 51796K [0x0000000085800000, 0x0000000100000000)
  region size 1024K, 23 young (23552K), 3 survivors (3072K)
 Metaspace       used 75462K, committed 76224K, reserved 1179648K
  class space    used 10218K, committed 10560K, reserved 1048576K
}
Event: 75.504 GC heap after
{Heap after GC invocations=31 (full 3):
 garbage-first heap   total 66560K, used 27518K [0x0000000085800000, 0x0000000100000000)
  region size 1024K, 0 young (0K), 0 survivors (0K)
 Metaspace       used 75459K, committed 76224K, reserved 1179648K
  class space    used 10218K, committed 10560K, reserved 1048576K
}
Event: 77.119 GC heap before
{Heap before GC invocations=31 (full 3):
 garbage-first heap   total 66560K, used 56190K [0x0000000085800000, 0x0000000100000000)
  region size 1024K, 28 young (28672K), 0 survivors (0K)
 Metaspace       used 75636K, committed 76416K, reserved 1179648K
  class space    used 10229K, committed 10560K, reserved 1048576K
}
Event: 77.122 GC heap after
{Heap after GC invocations=32 (full 3):
 garbage-first heap   total 66560K, used 30474K [0x0000000085800000, 0x0000000100000000)
  region size 1024K, 3 young (3072K), 3 survivors (3072K)
 Metaspace       used 75636K, committed 76416K, reserved 1179648K
  class space    used 10229K, committed 10560K, reserved 1048576K
}
Event: 77.920 GC heap before
{Heap before GC invocations=32 (full 3):
 garbage-first heap   total 66560K, used 56074K [0x0000000085800000, 0x0000000100000000)
  region size 1024K, 29 young (29696K), 3 survivors (3072K)
 Metaspace       used 76024K, committed 76864K, reserved 1179648K
  class space    used 10243K, committed 10624K, reserved 1048576K
}
Event: 77.927 GC heap after
{Heap after GC invocations=33 (full 3):
 garbage-first heap   total 66560K, used 32761K [0x0000000085800000, 0x0000000100000000)
  region size 1024K, 3 young (3072K), 3 survivors (3072K)
 Metaspace       used 76024K, committed 76864K, reserved 1179648K
  class space    used 10243K, committed 10624K, reserved 1048576K
}
Event: 176.413 GC heap before
{Heap before GC invocations=33 (full 3):
 garbage-first heap   total 66560K, used 56313K [0x0000000085800000, 0x0000000100000000)
  region size 1024K, 26 young (26624K), 3 survivors (3072K)
 Metaspace       used 76351K, committed 77184K, reserved 1179648K
  class space    used 10261K, committed 10624K, reserved 1048576K
}
Event: 176.570 GC heap after
{Heap after GC invocations=34 (full 3):
 garbage-first heap   total 66560K, used 34254K [0x0000000085800000, 0x0000000100000000)
  region size 1024K, 2 young (2048K), 2 survivors (2048K)
 Metaspace       used 76351K, committed 77184K, reserved 1179648K
  class space    used 10261K, committed 10624K, reserved 1048576K
}
Event: 255.600 GC heap before
{Heap before GC invocations=35 (full 3):
 garbage-first heap   total 66560K, used 39374K [0x0000000085800000, 0x0000000100000000)
  region size 1024K, 8 young (8192K), 2 survivors (2048K)
 Metaspace       used 76588K, committed 77376K, reserved 1179648K
  class space    used 10289K, committed 10624K, reserved 1048576K
}
Event: 255.845 GC heap after
{Heap after GC invocations=36 (full 4):
 garbage-first heap   total 66560K, used 28212K [0x0000000085800000, 0x0000000100000000)
  region size 1024K, 0 young (0K), 0 survivors (0K)
 Metaspace       used 76588K, committed 77376K, reserved 1179648K
  class space    used 10289K, committed 10624K, reserved 1048576K
}

